2018-07-23 12:18:26 FATAL TestUser:20:com.scp.TestProject.TestUser - this is fatal
2018-07-23 12:18:26 ERROR TestUser:21:com.scp.TestProject.TestUser - This is error msg
2018-07-23 12:18:26 WARN  TestUser:22:com.scp.TestProject.TestUser - This is warn msg
2018-07-23 12:18:26 INFO  TestUser:23:com.scp.TestProject.TestUser - This is info msg
2018-07-23 12:36:41 FATAL TestUser:21:com.scp.TestProject.TestUser - this is fatal
2018-07-23 12:36:41 ERROR TestUser:22:com.scp.TestProject.TestUser - This is error msg
2018-07-23 12:36:41 WARN  TestUser:23:com.scp.TestProject.TestUser - This is warn msg
2018-07-23 12:36:41 INFO  TestUser:24:com.scp.TestProject.TestUser - This is info msg
2018-07-23 14:20:25 FATAL TestUser:27:com.scp.TestProject.TestUser - this is fatal
2018-07-23 14:20:25 ERROR TestUser:28:com.scp.TestProject.TestUser - This is error msg
2018-07-23 14:20:25 WARN  TestUser:29:com.scp.TestProject.TestUser - This is warn msg
2018-07-23 14:20:25 INFO  TestUser:30:com.scp.TestProject.TestUser - This is info msg
2018-07-23 14:20:25 DEBUG TestUser:31:com.scp.TestProject.TestUser - This is debug msg
2018-07-23 14:20:25 TRACE TestUser:32:com.scp.TestProject.TestUser - This is trace msg
2018-07-23 14:20:45 FATAL TestUser:27:com.scp.TestProject.TestUser - this is fatal
2018-07-23 14:20:45 ERROR TestUser:28:com.scp.TestProject.TestUser - This is error msg
2018-07-23 14:20:45 WARN  TestUser:29:com.scp.TestProject.TestUser - This is warn msg
2018-07-23 14:20:45 INFO  TestUser:30:com.scp.TestProject.TestUser - This is info msg
2018-07-23 14:20:45 DEBUG TestUser:31:com.scp.TestProject.TestUser - This is debug msg
2018-07-23 14:20:45 TRACE TestUser:32:com.scp.TestProject.TestUser - This is trace msg
2018-07-23 14:21:05 FATAL TestUser:27:com.scp.TestProject.TestUser - this is fatal
2018-07-23 14:21:05 ERROR TestUser:28:com.scp.TestProject.TestUser - This is error msg
2018-07-23 14:21:05 WARN  TestUser:29:com.scp.TestProject.TestUser - This is warn msg
2018-07-23 14:21:05 INFO  TestUser:30:com.scp.TestProject.TestUser - This is info msg
2018-07-23 14:21:05 DEBUG TestUser:31:com.scp.TestProject.TestUser - This is debug msg
2018-07-23 14:21:05 TRACE TestUser:32:com.scp.TestProject.TestUser - This is trace msg
2018-07-23 14:21:25 FATAL TestUser:27:com.scp.TestProject.TestUser - this is fatal
2018-07-23 14:21:25 ERROR TestUser:28:com.scp.TestProject.TestUser - This is error msg
2018-07-23 14:21:25 WARN  TestUser:29:com.scp.TestProject.TestUser - This is warn msg
2018-07-23 14:21:25 INFO  TestUser:30:com.scp.TestProject.TestUser - This is info msg
2018-07-23 14:21:25 DEBUG TestUser:31:com.scp.TestProject.TestUser - This is debug msg
2018-07-23 14:21:25 TRACE TestUser:32:com.scp.TestProject.TestUser - This is trace msg
2018-07-23 14:21:45 FATAL TestUser:27:com.scp.TestProject.TestUser - this is fatal
2018-07-23 14:21:45 ERROR TestUser:28:com.scp.TestProject.TestUser - This is error msg
2018-07-23 14:21:45 WARN  TestUser:29:com.scp.TestProject.TestUser - This is warn msg
2018-07-23 14:21:45 INFO  TestUser:30:com.scp.TestProject.TestUser - This is info msg
2018-07-23 14:21:45 DEBUG TestUser:31:com.scp.TestProject.TestUser - This is debug msg
2018-07-23 14:21:45 TRACE TestUser:32:com.scp.TestProject.TestUser - This is trace msg
2018-07-23 14:22:05 FATAL TestUser:27:com.scp.TestProject.TestUser - this is fatal
2018-07-23 14:22:05 ERROR TestUser:28:com.scp.TestProject.TestUser - This is error msg
2018-07-23 14:22:05 WARN  TestUser:29:com.scp.TestProject.TestUser - This is warn msg
2018-07-23 14:22:05 INFO  TestUser:30:com.scp.TestProject.TestUser - This is info msg
2018-07-23 14:22:05 DEBUG TestUser:31:com.scp.TestProject.TestUser - This is debug msg
2018-07-23 14:22:05 TRACE TestUser:32:com.scp.TestProject.TestUser - This is trace msg
2018-07-23 14:22:25 FATAL TestUser:27:com.scp.TestProject.TestUser - this is fatal
2018-07-23 14:22:25 ERROR TestUser:28:com.scp.TestProject.TestUser - This is error msg
2018-07-23 14:22:25 WARN  TestUser:29:com.scp.TestProject.TestUser - This is warn msg
2018-07-23 14:22:25 INFO  TestUser:30:com.scp.TestProject.TestUser - This is info msg
2018-07-23 14:22:25 DEBUG TestUser:31:com.scp.TestProject.TestUser - This is debug msg
2018-07-23 14:22:25 TRACE TestUser:32:com.scp.TestProject.TestUser - This is trace msg
2018-07-23 14:22:45 FATAL TestUser:27:com.scp.TestProject.TestUser - this is fatal
2018-07-23 14:22:45 ERROR TestUser:28:com.scp.TestProject.TestUser - This is error msg
2018-07-23 14:22:45 WARN  TestUser:29:com.scp.TestProject.TestUser - This is warn msg
2018-07-23 14:22:45 INFO  TestUser:30:com.scp.TestProject.TestUser - This is info msg
2018-07-23 14:22:45 DEBUG TestUser:31:com.scp.TestProject.TestUser - This is debug msg
2018-07-23 14:22:45 TRACE TestUser:32:com.scp.TestProject.TestUser - This is trace msg
2018-07-23 14:23:05 FATAL TestUser:27:com.scp.TestProject.TestUser - this is fatal
2018-07-23 14:23:05 ERROR TestUser:28:com.scp.TestProject.TestUser - This is error msg
2018-07-23 14:23:05 WARN  TestUser:29:com.scp.TestProject.TestUser - This is warn msg
2018-07-23 14:23:05 INFO  TestUser:30:com.scp.TestProject.TestUser - This is info msg
2018-07-23 14:23:05 DEBUG TestUser:31:com.scp.TestProject.TestUser - This is debug msg
2018-07-23 14:23:05 TRACE TestUser:32:com.scp.TestProject.TestUser - This is trace msg
2018-07-23 14:23:25 FATAL TestUser:27:com.scp.TestProject.TestUser - this is fatal
2018-07-23 14:23:25 ERROR TestUser:28:com.scp.TestProject.TestUser - This is error msg
2018-07-23 14:23:25 WARN  TestUser:29:com.scp.TestProject.TestUser - This is warn msg
2018-07-23 14:23:25 INFO  TestUser:30:com.scp.TestProject.TestUser - This is info msg
2018-07-23 14:23:25 DEBUG TestUser:31:com.scp.TestProject.TestUser - This is debug msg
2018-07-23 14:23:25 TRACE TestUser:32:com.scp.TestProject.TestUser - This is trace msg
2018-07-23 15:05:20 FATAL TestUser:29:com.scp.TestProject.TestUser - this is fatal
2018-07-23 15:05:20 ERROR TestUser:30:com.scp.TestProject.TestUser - This is error msg
2018-07-23 15:05:20 WARN  TestUser:31:com.scp.TestProject.TestUser - This is warn msg
2018-07-23 15:05:20 INFO  TestUser:32:com.scp.TestProject.TestUser - This is info msg
2018-07-23 15:05:20 DEBUG TestUser:33:com.scp.TestProject.TestUser - This is debug msg
2018-07-23 15:05:20 TRACE TestUser:34:com.scp.TestProject.TestUser - This is trace msg
2018-07-23 15:05:40 FATAL TestUser:29:com.scp.TestProject.TestUser - this is fatal
2018-07-23 15:05:40 ERROR TestUser:30:com.scp.TestProject.TestUser - This is error msg
2018-07-23 15:05:40 WARN  TestUser:31:com.scp.TestProject.TestUser - This is warn msg
2018-07-23 15:05:40 INFO  TestUser:32:com.scp.TestProject.TestUser - This is info msg
2018-07-23 15:05:40 DEBUG TestUser:33:com.scp.TestProject.TestUser - This is debug msg
2018-07-23 15:05:40 TRACE TestUser:34:com.scp.TestProject.TestUser - This is trace msg
2018-07-23 15:06:00 FATAL TestUser:29:com.scp.TestProject.TestUser - this is fatal
2018-07-23 15:06:00 ERROR TestUser:30:com.scp.TestProject.TestUser - This is error msg
2018-07-23 15:06:00 WARN  TestUser:31:com.scp.TestProject.TestUser - This is warn msg
2018-07-23 15:06:00 INFO  TestUser:32:com.scp.TestProject.TestUser - This is info msg
2018-07-23 15:06:00 DEBUG TestUser:33:com.scp.TestProject.TestUser - This is debug msg
2018-07-23 15:06:00 TRACE TestUser:34:com.scp.TestProject.TestUser - This is trace msg
2018-07-23 15:06:20 FATAL TestUser:29:com.scp.TestProject.TestUser - this is fatal
2018-07-23 15:06:20 ERROR TestUser:30:com.scp.TestProject.TestUser - This is error msg
2018-07-23 15:06:20 WARN  TestUser:31:com.scp.TestProject.TestUser - This is warn msg
2018-07-23 15:06:20 INFO  TestUser:32:com.scp.TestProject.TestUser - This is info msg
2018-07-23 15:06:20 DEBUG TestUser:33:com.scp.TestProject.TestUser - This is debug msg
2018-07-23 15:06:20 TRACE TestUser:34:com.scp.TestProject.TestUser - This is trace msg
2018-07-23 15:06:44 FATAL TestUser:29:com.scp.TestProject.TestUser - this is fatal
2018-07-23 15:06:44 ERROR TestUser:30:com.scp.TestProject.TestUser - This is error msg
2018-07-23 15:06:44 WARN  TestUser:31:com.scp.TestProject.TestUser - This is warn msg
2018-07-23 15:06:44 INFO  TestUser:32:com.scp.TestProject.TestUser - This is info msg
2018-07-23 15:07:04 FATAL TestUser:29:com.scp.TestProject.TestUser - this is fatal
2018-07-23 15:07:04 ERROR TestUser:30:com.scp.TestProject.TestUser - This is error msg
2018-07-23 15:07:04 WARN  TestUser:31:com.scp.TestProject.TestUser - This is warn msg
2018-07-23 15:07:04 INFO  TestUser:32:com.scp.TestProject.TestUser - This is info msg
2018-07-23 15:07:24 FATAL TestUser:29:com.scp.TestProject.TestUser - this is fatal
2018-07-23 15:07:24 ERROR TestUser:30:com.scp.TestProject.TestUser - This is error msg
2018-07-23 15:07:24 WARN  TestUser:31:com.scp.TestProject.TestUser - This is warn msg
2018-07-23 15:07:24 INFO  TestUser:32:com.scp.TestProject.TestUser - This is info msg
